<?xml version="1.0" encoding="UTF-8"?>
<testng-results ignored="0" total="1" passed="1" failed="0" skipped="0">
  <reporter-output>
  </reporter-output>
  <suite started-at="2022-03-07T11:58:26 IST" name="Default suite" finished-at="2022-03-07T11:58:27 IST" duration-ms="760">
    <groups>
    </groups>
    <test started-at="2022-03-07T11:58:26 IST" name="Default test" finished-at="2022-03-07T11:58:27 IST" duration-ms="760">
      <class name="com.Sample.SamplePgm">
        <test-method signature="emplyeeDetails()[pri:0, instance:com.Sample.SamplePgm@a530d0a]" started-at="2022-03-07T11:58:27 IST" name="emplyeeDetails" finished-at="2022-03-07T11:58:27 IST" duration-ms="23" status="PASS">
          <reporter-output>
          </reporter-output>
        </test-method> <!-- emplyeeDetails -->
      </class> <!-- com.Sample.SamplePgm -->
    </test> <!-- Default test -->
  </suite> <!-- Default suite -->
</testng-results>
